PD 0.4 (c) J.Rea & M.Tyka 2003-2006 svn: $Revision: 597 $
Compile Date and Time: Nov  7 2006 15:05:30
Execution Date and Time: Wed Nov 08 12:59:35 2006
System: Windows Hostname: pluto
Application working directory: C:\cygwin\home\mt0226\pd_trunk\py\tutorial1\
setting random seed to 1162990775 using current system time
Timer initialized.
reading library: 'amber03aa.ff'
INFO
INFO     Forcefield:  AMBER 03 (full explicit hydrogens), Aminoacids only
INFO
INFO     Translated from Wendy Cornell et al./ Junmei Wang et al. (Jan 04) by M.Tyka
INFO     2003 Version revised by Y. Duan et al
INFO
Creating new section 'SOLVATION_GENERALISED_BORN'
Creating new section 'LCPOSASAPARAMETERS'
WARNING: INCLUDE statement refers to non-existant file 'default.alias' - this may or may not
be a problem
WARNING: INCLUDE statement refers to non-existant file 'default.class' - this may or may not
be a problem
Finished reading Forcefield Definition File amber03aa.ff no errors

Generating protein ..
Smart-Detected 20 residues
*N-L-Y-I-Q-W-L-K-D-G-G-P-S-S-G-R-P-P-P-S*Adding 304 particles, 20 residues to system ...
NASN  LEU  TYR  ILE  GLN  TRP  LEU  LYS  ASP  GLY  GLY  PRO  SER  SER  GLY
 ARG  PRO  PRO  PRO CSER

Detected residue boundaries
Building polymer:  Done!
Covalent structure:
   Creating: Done!
   Checking: Done!
Loading Molecule Parameters
Complete!
Setting to PDB..
Alignement offset: 0
Attempting to rebuild 119 atoms ..
 rebuilt 119 atoms
Checking for remaining unallocated atoms..
Done creating protein
System Info: ---------
INFO: -------------------------------------
INFO: Atoms:             304
INFO: Residues:           20
INFO: Molecules:           1
INFO: Total mass:   2170.7500 amu
INFO: Total charge:    +1.00 e
Checking if molecules have forcefield parameters attributed ..
Checking all system molecule parameters.. 1 molecules
Done checking ..
Creating WorkSpace ..
  Allocating space for particles ..
Generating Sequence ..
  Initialising workspace components ..
  Initialising bondorder array...
Allocating new full neighbor list
ptr_nlist: 304(100) --> 0.23 Mb
Assembling rotatable bond list ...  Done!
Internal degrees of Freedom:
 Cartesian: 906
 Torsional: 99
Done creating system.
INFO: -------------------------------------
INFO: Atoms:             304
INFO: Residues:           20
INFO: Molecules:           1
INFO: Total mass:   2170.7500 amu
INFO: Total charge:    +1.00 e
setting up BondedForcefield()
 Bonds
 Angles
 Torsions
 Impropers
ff.gbsa: Using GB_Still parameters: 0.073000 0.921000 6.211000 15.236000 1.254000  - as specifed
ptr_nlist: 304(150) --> 0.35 Mb
ptr_nlist: 304(225) --> 0.52 Mb
ptr_nlist: 304(304) --> 0.71 Mb
Finished reading LCPO (SASA) parameter file - no errors
 -----------------------------------
 --- Verbose Energy Summary ---
 -----------------------------------
 Bonds:              9.020 kcal/mol
 Angles:            42.024 kcal/mol
 Tors/Impr:        208.421 kcal/mol
 VdW:              -42.745 kcal/mol
 Electrostatic:   -486.789 kcal/mol
 GB:              -223.441 kcal/mol
 SASA Energy:        9.139 kcal/mol (1827.8 A^2)
 -----------------------------------
 Total energy:   -484.371 kcal/mol

INFO:    Forcefields: 3
INFO:
INFO: --BondedForcefield -----------------
INFO: Bonds:          310
INFO: Angles:         565
INFO: Torsions:       843
INFO: Impropers:       64

INFO: --Generalised Born Forcefield-------
INFO: --NonBondedForcefield --------------
INFO: Solute Dielectric:         1.0
INFO: VDW 1-4 scaling factor:    0.500
INFO: Elec 1-4 scaling factor:    0.83333000
INFO: Distance dep. Dielectric: no
INFO: VDW Cutoff:                8.0 A
INFO: VDW inner Cutoff:          6.0 A
INFO: Elec.static Cutoff:       12.0 A
INFO: Elec.static inner Cutoff:  9.0 A
INFO: Switching:                Force switching
INFO: Fast Mode:          yes
INFO: Born Radii:         Still et al.
INFO: Solvent Dielectric: 80.000000
INFO: Solute Dielectric:  1.000000
INFO: Still Cutoff:       10.000000
INFO: Dielec. Offset:     -0.090000
INFO: Exp Threshold:      -4.000000
INFO: --SASA Forcefield ------------------
INFO: Sigma: 0.005000 kcal/mol

    Step        Stepmul   CRMS     dRMS       Epot               Ebond  Eangle  Edihed    EVdw   Ecoul   Eself  Ecross    Epol  Epol+ES  Esurf
      10        6.191736          0.00    0.00  -494.7931480540           11.0    35.7   207.7   -45.9  -467.3  -2074.1 1828.8  -245.3  -712.59    9.2
      20        4.622106          0.00    0.00  -499.0608911857           10.8    40.8   207.3   -51.7  -476.7  -2076.7 1838.0  -238.8  -715.47    9.2
      30        3.450384          0.00    0.00  -501.0421231924           11.7    41.9   206.8   -55.1  -437.1  -2078.6 1800.1  -278.5  -715.54    9.2
      40        2.575698          0.00    0.00  -502.1342408378           11.7    43.4   206.3   -57.5  -449.3  -2080.3 1814.5  -265.9  -715.18    9.1
Randomizing velocities to boltzmann distribution at T=300.0 K
Setting initital velocities of ensemble.. Temperature  300.0
md.UpdateScr 100
md.UpdateTra 10
md.UpdateMon 1
md.Integrator Langevin
md.Timestep 1.000000e-015
md.Steps 2000
md.RandVel 1
md.TargetTemp Constant: 300.000000
md.Thermostat None (constant energy, NVE)
md.BerendsenTau 1.000000e-013
md.AndersenRate 0.100000
md.FricCoeff 1.000000e+013
   Time/fs          Epot            Ekin          Etotal           Temp/K(tgt)        mondist    Ebond  Eangle  Edihed    EVdw   Ecoul   Eself  Ecross    Epol  Epol+ES  Esurf
       100        -316.0           233.9           -82.1          258.3(300.0) 3.0836738e+000     84.4   127.1   221.1   -41.6  -514.2  -2081.3 1879.3  -201.9  -716.14    9.2
       200        -284.4           240.8           -43.7          265.9(300.0) 3.1023913e+000     98.2   140.7   233.8   -43.4  -374.9  -2094.3 1746.3  -348.0  -722.90    9.1
       300        -269.3           256.8           -12.5          283.6(300.0) 3.1182388e+000    110.2   145.4   229.1   -43.9  -395.1  -2093.9 1769.7  -324.2  -719.30    9.2
       400        -278.0           261.3           -16.7          288.6(300.0) 3.3775865e+000     97.3   145.1   233.8   -36.1  -476.2  -2094.1 1843.1  -251.0  -727.17    9.1
       500        -256.8           270.0            13.2          298.1(300.0) 3.6172664e+000    110.4   156.4   238.9   -47.5  -298.3  -2098.1 1672.3  -425.8  -724.18    9.2
       600        -269.3           263.3            -6.0          290.8(300.0) 3.7807820e+000     97.7   153.5   237.6   -44.9  -282.7  -2100.9 1661.1  -439.7  -722.42    9.2
       700        -295.9           279.0           -16.9          308.1(300.0) 3.3170881e+000    106.2   128.6   225.2   -40.4  -484.7  -2094.0 1854.2  -239.8  -724.48    9.1
       800        -262.6           264.9             2.2          292.5(300.0) 3.2535038e+000    111.4   157.4   233.7   -53.6  -468.4  -2092.5 1840.3  -252.3  -720.68    9.1
       900        -246.8           259.4            12.6          286.5(300.0) 3.5812176e+000    116.5   165.0   228.0   -43.6  -361.0  -2087.7 1726.9  -360.9  -721.82    9.1
      1000        -268.5           270.1             1.6          298.3(300.0) 3.4938400e+000    107.7   145.6   233.7   -47.2  -326.2  -2096.1 1704.9  -391.2  -717.40    9.1
      1100        -273.6           295.1            21.5          325.9(300.0) 3.7020569e+000    121.0   148.6   221.9   -42.9  -224.0  -2078.5 1571.3  -507.3  -731.28    9.1
      1200        -229.0           269.3            40.3          297.4(300.0) 3.3796663e+000    130.8   175.5   233.6   -49.1  -215.9  -2090.8 1577.9  -512.9  -728.81    9.0
      1300        -251.2           279.5            28.3          308.6(300.0) 3.5556809e+000    119.2   163.7   229.0   -40.6  -299.0  -2087.4 1654.9  -432.5  -731.55    9.1
      1400        -253.9           270.4            16.5          298.6(300.0) 3.7744639e+000    114.9   163.1   223.5   -35.0  -345.3  -2088.4 1704.3  -384.1  -729.45    9.1
      1500        -277.4           288.8            11.4          319.0(300.0) 3.9551455e+000     91.9   140.3   224.9   -23.6  -425.2  -2090.4 1795.5  -294.9  -720.14    9.2
      1600        -276.1           262.1           -13.9          289.5(300.0) 3.4719779e+000    103.9   144.1   228.2   -37.4  -320.9  -2101.1 1697.7  -403.4  -724.29    9.3
      1700        -258.4           254.3            -4.1          280.9(300.0) 3.4456690e+000    110.1   161.6   229.7   -38.1  -322.5  -2107.6 1699.0  -408.5  -731.08    9.3
      1800        -266.3           257.2            -9.2          284.0(300.0) 3.3857193e+000     97.6   155.2   237.9   -36.4  -320.3  -2100.8 1690.9  -409.8  -730.13    9.5
      1900        -281.1           268.5           -12.6          296.5(300.0) 3.3227668e+000     99.9   133.1   245.6   -33.7  -234.0  -2090.6 1589.4  -501.2  -735.22    9.3
Time required: 72 sec (0 hrs 1 mins 12 secs)
Average potential energy:     -272.72
Average temperature:           179.58
   2.8000                0
   2.8500                8
   2.9000               12
   2.9500               10
   3.0000               18
   3.0500               90
   3.1000              118
   3.1500               33
   3.2000               78
   3.2500              103
   3.3000              185
   3.3500              194
   3.4000              164
   3.4500              169
   3.5000              202
   3.5500              147
   3.6000              106
   3.6500               66
   3.7000               86
   3.7500               90
   3.8000               12
   3.8500               23
   3.9000               39
   3.9500               47
Timer: 75 sec (0 hrs 1 mins 15 secs)